<?xml version="1.0" encoding="UTF-8"?>
<!-- Generated by org.testng.reporters.JUnitReportReporter -->
<testsuite hostname="DESKTOP-G05EPA5" failures="0" tests="1" name="com.TestMavenProject.TestClass3" time="6.085" errors="0" timestamp="2022-07-10T15:19:44 IST" skipped="0">
  <testcase classname="com.TestMavenProject.TestClass3" name="test11" time="6.085"/>
</testsuite> <!-- com.TestMavenProject.TestClass3 -->
