<?xml version="1.0" encoding="UTF-8"?>
<!-- Generated by org.testng.reporters.JUnitReportReporter -->
<testsuite skipped="0" hostname="DESKTOP-G05EPA5" name="com.TestMavenProject.TestClass1" tests="4" failures="0" timestamp="2022-07-10T01:25:36 IST" time="0.020" errors="0">
  <testcase name="test4" time="0.003" classname="com.TestMavenProject.TestClass1"/>
  <testcase name="test2" time="0.004" classname="com.TestMavenProject.TestClass1"/>
  <testcase name="test3" time="0.004" classname="com.TestMavenProject.TestClass1"/>
  <testcase name="test1" time="0.009" classname="com.TestMavenProject.TestClass1"/>
</testsuite> <!-- com.TestMavenProject.TestClass1 -->
