<?xml version="1.0" encoding="UTF-8"?>
<!-- Generated by org.testng.reporters.JUnitReportReporter -->
<testsuite hostname="DESKTOP-G05EPA5" failures="0" tests="1" name="com.TestMavenProject.TestClass3" time="8.636" errors="0" timestamp="2022-07-10T02:11:32 IST" skipped="0">
  <testcase classname="com.TestMavenProject.TestClass3" name="test11" time="8.636"/>
</testsuite> <!-- com.TestMavenProject.TestClass3 -->
